<?xml version="1.0" encoding="UTF-8"?>
<!-- Generated by org.testng.reporters.JUnitReportReporter -->
<testsuite hostname="bruce" failures="0" tests="1" name="testClasses.TC_CartQuantityAlteringFunctionality_007" time="5.382" errors="0" timestamp="2024-04-05T19:27:18 IST" skipped="0">
  <testcase classname="testClasses.TC_CartQuantityAlteringFunctionality_007" name="CartQuantity_Add_On_Functionality" time="5.382"/>
</testsuite> <!-- testClasses.TC_CartQuantityAlteringFunctionality_007 -->
