<?xml version="1.0" encoding="UTF-8"?>
<!-- Generated by org.testng.reporters.JUnitReportReporter -->
<testsuite hostname="bruce" failures="0" tests="3" name="testClasses.TC_AddingMultiProductsDDT_009" time="44.355" errors="0" timestamp="2024-04-05T19:27:18 IST" skipped="0">
  <testcase classname="testClasses.TC_AddingMultiProductsDDT_009" name="addingMultiProducts" time="20.342"/>
  <testcase classname="testClasses.TC_AddingMultiProductsDDT_009" name="addingMultiProducts" time="12.947"/>
  <testcase classname="testClasses.TC_AddingMultiProductsDDT_009" name="addingMultiProducts" time="11.066"/>
</testsuite> <!-- testClasses.TC_AddingMultiProductsDDT_009 -->
