<?xml version="1.0" encoding="UTF-8"?>
<!-- Generated by org.testng.reporters.JUnitReportReporter -->
<testsuite hostname="bruce" failures="0" tests="1" name="testClasses.TC_CartQuantityDecrementFunctionality_008" time="25.391" errors="0" timestamp="2024-04-05T19:27:18 IST" skipped="0">
  <testcase classname="testClasses.TC_CartQuantityDecrementFunctionality_008" name="CartQuantity_Sub_In_Functionality" time="25.391"/>
</testsuite> <!-- testClasses.TC_CartQuantityDecrementFunctionality_008 -->
