<?xml version="1.0" encoding="UTF-8"?>
<!-- Generated by org.testng.reporters.JUnitReportReporter -->
<testsuite hostname="bruce" failures="0" tests="1" name="testClasses.TC_RemovingCartItems_006" time="5.450" errors="0" timestamp="2024-04-05T19:27:18 IST" skipped="0">
  <testcase classname="testClasses.TC_RemovingCartItems_006" name="deletinCartItems" time="5.450"/>
</testsuite> <!-- testClasses.TC_RemovingCartItems_006 -->
