<?xml version="1.0" encoding="UTF-8"?>
<!-- Generated by org.testng.reporters.JUnitReportReporter -->
<testsuite hostname="bruce" failures="0" tests="1" name="testClasses.TC_SaveProductForLater_010" time="5.439" errors="0" timestamp="2024-04-05T19:27:18 IST" skipped="0">
  <testcase classname="testClasses.TC_SaveProductForLater_010" name="saveForLater" time="5.439"/>
</testsuite> <!-- testClasses.TC_SaveProductForLater_010 -->
